<?xml version="1.0" encoding="UTF-8"?>
<coverage generated="1645632277909" clover="3.2.0">
  <project timestamp="1645632277910" name="All files">
    <metrics statements="24" coveredstatements="8" conditionals="2" coveredconditionals="0" methods="5" coveredmethods="2" elements="31" coveredelements="10" complexity="0" loc="24" ncloc="24" packages="1" files="2" classes="2"/>
    <file name="sort-task-array.js" path="/home/kennyuser/repos/to-do-list/src/sort-task-array.js">
      <metrics statements="9" coveredstatements="1" conditionals="2" coveredconditionals="0" methods="1" coveredmethods="0"/>
      <line num="1" count="1" type="stmt"/>
      <line num="3" count="0" type="stmt"/>
      <line num="4" count="0" type="stmt"/>
      <line num="5" count="0" type="cond" truecount="0" falsecount="2"/>
      <line num="6" count="0" type="stmt"/>
      <line num="7" count="0" type="stmt"/>
      <line num="8" count="0" type="stmt"/>
      <line num="11" count="0" type="stmt"/>
      <line num="13" count="0" type="stmt"/>
    </file>
    <file name="task-list-features.js" path="/home/kennyuser/repos/to-do-list/src/task-list-features.js">
      <metrics statements="15" coveredstatements="7" conditionals="0" coveredconditionals="0" methods="4" coveredmethods="2"/>
      <line num="3" count="1" type="stmt"/>
      <line num="5" count="1" type="stmt"/>
      <line num="6" count="1" type="stmt"/>
      <line num="11" count="1" type="stmt"/>
      <line num="12" count="1" type="stmt"/>
      <line num="14" count="0" type="stmt"/>
      <line num="17" count="1" type="stmt"/>
      <line num="18" count="0" type="stmt"/>
      <line num="19" count="0" type="stmt"/>
      <line num="20" count="0" type="stmt"/>
      <line num="22" count="0" type="stmt"/>
      <line num="25" count="1" type="stmt"/>
      <line num="26" count="0" type="stmt"/>
      <line num="27" count="0" type="stmt"/>
      <line num="29" count="0" type="stmt"/>
    </file>
  </project>
</coverage>
