{"/home/ivan/repos/Microverse/Module2/Helio/to-do-list/src/sort-task-array.js": {"path":"/home/ivan/repos/Microverse/Module2/Helio/to-do-list/src/sort-task-array.js","statementMap":{"0":{"start":{"line":1,"column":21},"end":{"line":14,"column":1}},"1":{"start":{"line":3,"column":2},"end":{"line":12,"column":3}},"2":{"start":{"line":3,"column":15},"end":{"line":3,"column":16}},"3":{"start":{"line":4,"column":4},"end":{"line":10,"column":5}},"4":{"start":{"line":4,"column":17},"end":{"line":4,"column":22}},"5":{"start":{"line":5,"column":6},"end":{"line":9,"column":7}},"6":{"start":{"line":6,"column":8},"end":{"line":6,"column":29}},"7":{"start":{"line":7,"column":8},"end":{"line":7,"column":38}},"8":{"start":{"line":8,"column":8},"end":{"line":8,"column":29}},"9":{"start":{"line":11,"column":4},"end":{"line":11,"column":26}},"10":{"start":{"line":13,"column":2},"end":{"line":13,"column":14}}},"fnMap":{"0":{"name":"(anonymous_0)","decl":{"start":{"line":1,"column":21},"end":{"line":1,"column":22}},"loc":{"start":{"line":1,"column":31},"end":{"line":14,"column":1}},"line":1}},"branchMap":{"0":{"loc":{"start":{"line":5,"column":6},"end":{"line":9,"column":7}},"type":"if","locations":[{"start":{"line":5,"column":6},"end":{"line":9,"column":7}},{"start":{},"end":{}}],"line":5}},"s":{"0":1,"1":1,"2":1,"3":0,"4":0,"5":0,"6":0,"7":0,"8":0,"9":0,"10":1},"f":{"0":1},"b":{"0":[0,0]},"_coverageSchema":"1a1c01bbd47fc00a2c39e90264f33305004495a9","hash":"5b12dcdcc8493fdb8e893c6a193a5712c496dd64"}
}
