TN:
SF:src/sort-task-array.js
FN:1,(anonymous_0)
FNF:1
FNH:0
FNDA:0,(anonymous_0)
DA:1,1
DA:3,0
DA:4,0
DA:5,0
DA:6,0
DA:7,0
DA:8,0
DA:11,0
DA:13,0
LF:9
LH:1
BRDA:5,0,0,0
BRDA:5,0,1,0
BRF:2
BRH:0
end_of_record
TN:
SF:src/task-list-features.js
FN:3,(anonymous_0)
FN:5,(anonymous_1)
FN:17,(anonymous_2)
FN:25,(anonymous_3)
FNF:4
FNH:2
FNDA:1,(anonymous_0)
FNDA:1,(anonymous_1)
FNDA:0,(anonymous_2)
FNDA:0,(anonymous_3)
DA:3,1
DA:5,1
DA:6,1
DA:11,1
DA:12,1
DA:14,0
DA:17,1
DA:18,0
DA:19,0
DA:20,0
DA:22,0
DA:25,1
DA:26,0
DA:27,0
DA:29,0
LF:15
LH:7
BRF:0
BRH:0
end_of_record
